<?xml version="1.0" encoding="UTF-8"?>
<!-- Generated by org.testng.reporters.JUnitReportReporter -->
<testsuite hostname="SUNWENJUAN" name="com.sogou.bizqa.seleniumxuri.scenario.TestSceneGrp" tests="3" failures="0" timestamp="15 Dec 2016 10:40:34 GMT" time="63.793" errors="0">
  <testcase name="testCreateGrp" time="37.549" classname="com.sogou.bizqa.seleniumxuri.scenario.TestSceneGrp"/>
  <testcase name="tearDelPlanTest" time="14.837" classname="com.sogou.bizqa.seleniumxuri.scenario.TestSceneGrp"/>
  <testcase name="testDeleteGrp" time="11.407" classname="com.sogou.bizqa.seleniumxuri.scenario.TestSceneGrp"/>
</testsuite>
