<?xml version="1.0" encoding="UTF-8"?>
<!-- Generated by org.testng.reporters.JUnitReportReporter -->
<testsuite hostname="SUNWENJUAN" name="com.sogou.bizqa.seleniumxuri.scenario.TestScenePlan" tests="2" failures="0" timestamp="15 Dec 2016 09:59:04 GMT" time="35.048" errors="0">
  <testcase name="testDeletePlan" time="14.486" classname="com.sogou.bizqa.seleniumxuri.scenario.TestScenePlan"/>
  <testcase name="testCreatePlan" time="20.562" classname="com.sogou.bizqa.seleniumxuri.scenario.TestScenePlan"/>
</testsuite>
