<?xml version="1.0" encoding="UTF-8"?>
<!-- Generated by org.testng.reporters.JUnitReportReporter -->
<testsuite hostname="WANGFAN" name="com.sogou.bizqa.seleniumxuri.M" tests="1" failures="0" timestamp="20 Apr 2016 07:57:46 GMT" time="0.458" errors="0">
  <testcase name="m" time="0.458" classname="com.sogou.bizqa.seleniumxuri.M"/>
</testsuite> <!-- com.sogou.bizqa.seleniumxuri.M -->
