<?xml version="1.0" encoding="UTF-8"?>
<!-- Generated by org.testng.reporters.JUnitReportReporter -->
<testsuite hostname="SUNWENJUAN" name="com.mail.My163mailTest.TestIndexPage" tests="3" failures="0" timestamp="12 Dec 2016 07:51:49 GMT" time="4.999" errors="0">
  <testcase name="assertLoginButton" time="0.158" classname="com.mail.My163mailTest.TestIndexPage"/>
  <testcase name="writeMessage" time="4.655" classname="com.mail.My163mailTest.TestIndexPage"/>
  <testcase name="login" time="0.186" classname="com.mail.My163mailTest.TestIndexPage"/>
</testsuite> <!-- com.mail.My163mailTest.TestIndexPage -->
