<?xml version="1.0" encoding="UTF-8"?>
<!-- Generated by org.testng.reporters.JUnitReportReporter -->
<testsuite hostname="SUNWENJUAN" name="com.mail.My163mailTest.TestIndexPage" tests="3" failures="0" timestamp="7 Dec 2016 10:18:56 GMT" time="3.081" errors="0">
  <testcase name="writeMessage" time="2.631" classname="com.mail.My163mailTest.TestIndexPage"/>
  <testcase name="assertLoginButton" time="0.211" classname="com.mail.My163mailTest.TestIndexPage"/>
  <testcase name="login" time="0.239" classname="com.mail.My163mailTest.TestIndexPage"/>
</testsuite> <!-- com.mail.My163mailTest.TestIndexPage -->
