<?xml version="1.0" encoding="UTF-8"?>
<!-- Generated by org.testng.reporters.JUnitReportReporter -->
<testsuite hostname="SUNWENJUAN" name="com.mail.My163mailTest.TestWriteMessage" tests="1" failures="0" timestamp="5 Jan 2017 10:28:14 GMT" time="2.078" errors="0">
  <testcase name="writeMessage" time="2.078" classname="com.mail.My163mailTest.TestWriteMessage"/>
</testsuite> <!-- com.mail.My163mailTest.TestWriteMessage -->
