<?xml version="1.0" encoding="UTF-8"?>
<!-- Generated by org.testng.reporters.JUnitReportReporter -->
<testsuite hostname="SUNWENJUAN" name="com.mail.My163mailTest.TestLoginMail" tests="3" failures="0" timestamp="21 Dec 2016 08:43:57 GMT" time="2.998" errors="0">
  <testcase name="logout" time="2.114" classname="com.mail.My163mailTest.TestLoginMail"/>
  <testcase name="login" time="0.530" classname="com.mail.My163mailTest.TestLoginMail"/>
  <testcase name="assertLoginButton" time="0.354" classname="com.mail.My163mailTest.TestLoginMail"/>
</testsuite> <!-- com.mail.My163mailTest.TestLoginMail -->
