<?xml version="1.0" encoding="UTF-8"?>
<!-- Generated by org.testng.reporters.JUnitReportReporter -->
<testsuite hostname="SUNWENJUAN" name="com.mail.My163mailTest.TestLoginMail" tests="3" failures="0" timestamp="12 Dec 2016 07:51:49 GMT" time="2.743" errors="0">
  <testcase name="login" time="0.214" classname="com.mail.My163mailTest.TestLoginMail"/>
  <testcase name="logout" time="2.326" classname="com.mail.My163mailTest.TestLoginMail"/>
  <testcase name="assertLoginButton" time="0.203" classname="com.mail.My163mailTest.TestLoginMail"/>
</testsuite> <!-- com.mail.My163mailTest.TestLoginMail -->
