<?xml version="1.0" encoding="UTF-8"?>
<!-- Generated by org.testng.reporters.JUnitReportReporter -->
<testsuite hostname="SUNWENJUAN" name="com.mail.My163mailTest.TestIndexPage" tests="3" failures="0" timestamp="20 Dec 2016 07:49:09 GMT" time="5.097" errors="0">
  <testcase name="assertLoginButton" time="0.304" classname="com.mail.My163mailTest.TestIndexPage"/>
  <testcase name="writeMessage" time="4.437" classname="com.mail.My163mailTest.TestIndexPage"/>
  <testcase name="login" time="0.356" classname="com.mail.My163mailTest.TestIndexPage"/>
</testsuite> <!-- com.mail.My163mailTest.TestIndexPage -->
