<?xml version="1.0" encoding="UTF-8"?>
<!-- Generated by org.testng.reporters.JUnitReportReporter -->
<testsuite hostname="SUNWENJUAN" name="com.mail.My163mailTest.TestAddressBookPage" tests="1" failures="0" timestamp="6 Jan 2017 06:50:21 GMT" time="2.653" errors="0">
  <testcase name="NewContact" time="2.653" classname="com.mail.My163mailTest.TestAddressBookPage"/>
</testsuite> <!-- com.mail.My163mailTest.TestAddressBookPage -->
