<?xml version="1.0" encoding="UTF-8"?>
<!-- Generated by org.testng.reporters.JUnitReportReporter -->
<testsuite hostname="SUNWENJUAN" name="com.mail.My163mailTest.TestLoginMail" tests="3" failures="0" timestamp="7 Dec 2016 06:35:30 GMT" time="2.143" errors="0">
  <testcase name="logout" time="1.763" classname="com.mail.My163mailTest.TestLoginMail"/>
  <testcase name="login" time="0.192" classname="com.mail.My163mailTest.TestLoginMail"/>
  <testcase name="assertLoginButton" time="0.188" classname="com.mail.My163mailTest.TestLoginMail"/>
</testsuite> <!-- com.mail.My163mailTest.TestLoginMail -->
